<?xml version="1.0" encoding="UTF-8" ?>

<testsuite failures="0" time="0.085" errors="0" skipped="0" tests="2" name="BasicTest">
  <testcase classname="BasicTest" name="createAndRetrieveCountry" time="0.07">
      </testcase>
  <testcase classname="BasicTest" name="createAndRetrieveCity" time="0.015">
      </testcase>
</testsuite>