<?xml version="1.0" encoding="UTF-8" ?>

<testsuite failures="0" time="0.005" errors="0" skipped="0" tests="3" name="BasicTest">
  <testcase classname="BasicTest" name="aVeryImportantThingToTest" time="0">
      </testcase>
  <testcase classname="BasicTest" name="createAndRetrieveCountry" time="0.003">
      </testcase>
  <testcase classname="BasicTest" name="createAndRetrieveCity" time="0.002">
      </testcase>
</testsuite>