<?xml version="1.0" encoding="UTF-8" ?>

<testsuite failures="0" time="0.326" errors="0" skipped="0" tests="2" name="ApplicationTest">
  <testcase classname="ApplicationTest" name="testThatPlannerPageWork" time="0.319">
      </testcase>
  <testcase classname="ApplicationTest" name="testThatIndexPageWorks" time="0.007">
      </testcase>
</testsuite>