<?xml version="1.0" encoding="UTF-8" ?>

<testsuite failures="0" time="0.014" errors="0" skipped="0" tests="2" name="BasicTest">
  <testcase classname="BasicTest" name="createAndRetrieveCustomer" time="0.01">
      </testcase>
  <testcase classname="BasicTest" name="createAndRetrieveAccount" time="0.004">
      </testcase>
</testsuite>